Initializing scanner.

Initializing parser.

Program
   FuncBody f
      Note
      Note
      Insn
         SetCmd
            ExprOperand
               LocInfo
                  MemType reg
               TypeInfo di
               IntegerExpr 91
            ExprOperand
               LocInfo
                  MemType reg
               TypeInfo di
               IntegerExpr 5
      Insn
         SetCmd
            ExprOperand
               LocInfo
                  MemType reg
               TypeInfo si
               IntegerExpr 92
            ExprOperand
               LocInfo
                  MemType reg
               TypeInfo si
               IntegerExpr 4
      Insn
         SetCmd
            ExprOperand
               LocInfo
                  MemType mem
                  Flag c
               TypeInfo di
               PlusExpr
                  TypeInfo di
                  ExprOperand
                     LocInfo
                        MemType reg
                        Flag f
                     TypeInfo di
                     IntegerExpr 20
                  IntOperand -16
            ExprOperand
               LocInfo
                  MemType reg
               TypeInfo di
               IntegerExpr 91
      Insn
         SetCmd
            ExprOperand
               LocInfo
                  MemType mem
                  Flag c
               TypeInfo si
               PlusExpr
                  TypeInfo di
                  ExprOperand
                     LocInfo
                        MemType reg
                        Flag f
                     TypeInfo di
                     IntegerExpr 20
                  IntOperand -8
            ExprOperand
               LocInfo
                  MemType reg
               TypeInfo si
               IntegerExpr 92
      Note
      Insn
         SetCmd
            ExprOperand
               LocInfo
                  MemType reg
               TypeInfo si
               IntegerExpr 87
            ExprOperand
               LocInfo
                  MemType mem
                  Flag c
               TypeInfo si
               PlusExpr
                  TypeInfo di
                  ExprOperand
                     LocInfo
                        MemType reg
                        Flag f
                     TypeInfo di
                     IntegerExpr 20
                  IntOperand -16
      Insn
         SetCmd
            ExprOperand
               LocInfo
                  MemType reg
               TypeInfo si
               IntegerExpr 88
            ExprOperand
               LocInfo
                  MemType mem
                  Flag c
               TypeInfo si
               PlusExpr
                  TypeInfo di
                  ExprOperand
                     LocInfo
                        MemType reg
                        Flag f
                     TypeInfo di
                     IntegerExpr 20
                  IntOperand -12
      Insn
         ParallelCmd
            SetCmd
               ExprOperand
                  LocInfo
                     MemType reg
                  TypeInfo si
                  IntegerExpr 89
               ExprOperand
                  PlusExpr
                     TypeInfo si
                     ExprOperand
                        LocInfo
                           MemType reg
                        TypeInfo si
                        IntegerExpr 87
                     ExprOperand
                        LocInfo
                           MemType reg
                        TypeInfo si
                        IntegerExpr 88
            ClobberCmd
      Insn
         SetCmd
            ExprOperand
               LocInfo
                  MemType reg
               TypeInfo si
               IntegerExpr 90
            ExprOperand
               LocInfo
                  MemType reg
               TypeInfo si
               IntegerExpr 89
      Insn
         SetCmd
            ExprOperand
               LocInfo
                  MemType reg
                  Flag i
               TypeInfo si
               IntegerExpr 0
            ExprOperand
               LocInfo
                  MemType reg
               TypeInfo si
               IntegerExpr 90
      Insn
         UseCmd
   FuncBody main
      Note
      Note
      Note
      Insn
         SetCmd
            ExprOperand
               LocInfo
                  MemType mem
                  Flag c
               TypeInfo si
               PlusExpr
                  TypeInfo di
                  ExprOperand
                     LocInfo
                        MemType reg
                        Flag f
                     TypeInfo di
                     IntegerExpr 20
                  IntOperand -16
            IntOperand 2
      Insn
         SetCmd
            ExprOperand
               LocInfo
                  MemType mem
                  Flag c
               TypeInfo si
               PlusExpr
                  TypeInfo di
                  ExprOperand
                     LocInfo
                        MemType reg
                        Flag f
                     TypeInfo di
                     IntegerExpr 20
                  IntOperand -12
            IntOperand 3
      Insn
         SetCmd
            ExprOperand
               LocInfo
                  MemType reg
               TypeInfo di
               IntegerExpr 89
            ExprOperand
               LocInfo
                  MemType mem
                  Flag c
               TypeInfo di
               PlusExpr
                  TypeInfo di
                  ExprOperand
                     LocInfo
                        MemType reg
                        Flag f
                     TypeInfo di
                     IntegerExpr 20
                  IntOperand -16
      Insn
         SetCmd
            ExprOperand
               LocInfo
                  MemType reg
               TypeInfo si
               IntegerExpr 90
            ExprOperand
               LocInfo
                  MemType mem
                  Flag c
               TypeInfo si
               PlusExpr
                  TypeInfo di
                  ExprOperand
                     LocInfo
                        MemType reg
                        Flag f
                     TypeInfo di
                     IntegerExpr 20
                  IntOperand -8
      Insn
         SetCmd
            ExprOperand
               LocInfo
                  MemType reg
               TypeInfo di
               IntegerExpr 5
            ExprOperand
               LocInfo
                  MemType reg
               TypeInfo di
               IntegerExpr 89
      Insn
         SetCmd
            ExprOperand
               LocInfo
                  MemType reg
               TypeInfo si
               IntegerExpr 4
            ExprOperand
               LocInfo
                  MemType reg
               TypeInfo si
               IntegerExpr 90
      RetCall "f"
      Insn
         SetCmd
            ExprOperand
               LocInfo
                  MemType reg
               TypeInfo si
               IntegerExpr 91
            ExprOperand
               LocInfo
                  MemType reg
               TypeInfo si
               IntegerExpr 0
      Insn
         SetCmd
            ExprOperand
               LocInfo
                  MemType mem
                  Flag c
               TypeInfo si
               PlusExpr
                  TypeInfo di
                  ExprOperand
                     LocInfo
                        MemType reg
                        Flag f
                     TypeInfo di
                     IntegerExpr 20
                  IntOperand -4
            ExprOperand
               LocInfo
                  MemType reg
               TypeInfo si
               IntegerExpr 91
      Insn
         SetCmd
            ExprOperand
               LocInfo
                  MemType reg
               TypeInfo si
               IntegerExpr 87
            IntOperand 0
      Insn
         SetCmd
            ExprOperand
               LocInfo
                  MemType reg
               TypeInfo si
               IntegerExpr 88
            ExprOperand
               LocInfo
                  MemType reg
               TypeInfo si
               IntegerExpr 87
      Insn
         SetCmd
            ExprOperand
               LocInfo
                  MemType reg
                  Flag i
               TypeInfo si
               IntegerExpr 0
            ExprOperand
               LocInfo
                  MemType reg
               TypeInfo si
               IntegerExpr 88
      Insn
         UseCmd

