Initializing scanner.


T_FunBegin 
( T_Note T_IntConstant T_IntConstant T_IntConstant ) 
( T_Note T_IntConstant T_IntConstant T_IntConstant T_IntConstant ) 
( T_Note T_IntConstant T_IntConstant T_IntConstant T_IntConstant ) 
( T_Insn T_IntConstant T_IntConstant T_IntConstant T_IntConstant ( T_Set ( T_Reg : T_SIType T_IntConstant ) 
( T_ConstInt T_IntConstant ) ) T_StringConstant : T_IntConstant T_IntConstant 
( T_Nil ) ) 
( T_Insn T_IntConstant T_IntConstant T_IntConstant T_IntConstant ( T_Set ( T_Reg : T_SIType T_IntConstant ) 
( T_Reg : T_SIType T_IntConstant ) ) T_StringConstant : T_IntConstant T_IntConstant 
( T_Nil ) ) 
( T_Insn T_IntConstant T_IntConstant T_IntConstant T_IntConstant ( T_Set ( T_Reg T_IFlag : T_SIType T_IntConstant ) 
( T_Reg : T_SIType T_IntConstant ) ) T_StringConstant : T_IntConstant T_IntConstant 
( T_Nil ) ) 
( T_Insn T_IntConstant T_IntConstant T_IntConstant T_IntConstant ( T_Use ( T_Reg T_IFlag : T_SIType T_IntConstant ) ) T_StringConstant : T_IntConstant - T_IntConstant 
( T_Nil ) ) 


T_FunBegin 
( T_Note T_IntConstant T_IntConstant T_IntConstant ) 
( T_Note T_IntConstant T_IntConstant T_IntConstant T_IntConstant ) 
( T_Note T_IntConstant T_IntConstant T_IntConstant T_IntConstant ) 
( T_Insn T_IntConstant T_IntConstant T_IntConstant T_IntConstant ( T_Set ( T_Mem T_CFlag : T_SIType ( T_Plus T_DIType ( T_Reg T_FFlag : T_DIType T_IntConstant ) 
( T_ConstInt - T_IntConstant ) ) ) 
( T_ConstInt T_IntConstant ) ) T_StringConstant : T_IntConstant T_IntConstant 
( T_Nil ) ) 
( T_Insn T_IntConstant T_IntConstant T_IntConstant T_IntConstant ( T_ConstInt T_IntConstant ) T_StringConstant : T_IntConstant T_IntConstant 
( T_Nil ) ) 


T_FunBegin 
( T_Note T_IntConstant T_IntConstant T_IntConstant ) 
( T_Note T_IntConstant T_IntConstant T_IntConstant T_IntConstant ) 
( T_Note T_IntConstant T_IntConstant T_IntConstant T_IntConstant ) 
( T_Insn T_IntConstant T_IntConstant T_IntConstant T_IntConstant ( T_Set ( T_Reg : T_QIType T_IntConstant ) 
( T_ConstInt T_IntConstant ) ) T_StringConstant : T_IntConstant T_IntConstant 
( T_Nil ) ) 
( T_CallInsn T_IntConstant T_IntConstant T_IntConstant T_IntConstant ( T_Set ( T_Reg : T_SIType T_IntConstant ) 
( T_Call ( T_Mem : T_QIType ( T_SymbolRef : T_DIType ( T_StringConstant ) ) ) 
( T_ConstInt T_IntConstant ) ) ) T_StringConstant : T_IntConstant T_IntConstant 
( T_Nil ) 
( ( T_Use ( T_Reg : T_QIType T_IntConstant ) ) 
( T_Nil ) ) ) 
( T_Insn T_IntConstant T_IntConstant T_IntConstant T_IntConstant ( T_Set ( T_Reg : T_SIType T_IntConstant ) 
( T_Reg : T_SIType T_IntConstant ) ) T_StringConstant : T_IntConstant T_IntConstant 
( T_Nil ) ) 
( T_Insn T_IntConstant T_IntConstant T_IntConstant T_IntConstant ( T_Set ( T_Mem T_CFlag : T_SIType ( T_Plus T_DIType ( T_Reg T_FFlag : T_DIType T_IntConstant ) 
( T_ConstInt - T_IntConstant ) ) ) 
( T_Reg : T_SIType T_IntConstant ) ) T_StringConstant : T_IntConstant T_IntConstant 
( T_Nil ) ) 
( T_Insn T_IntConstant T_IntConstant T_IntConstant T_IntConstant ( T_Set ( T_Reg : T_QIType T_IntConstant ) 
( T_ConstInt T_IntConstant ) ) T_StringConstant : T_IntConstant T_IntConstant 
( T_Nil ) ) 
( T_CallInsn T_IntConstant T_IntConstant T_IntConstant T_IntConstant ( T_Call ( T_Mem : T_QIType ( T_SymbolRef : T_DIType ( T_StringConstant ) ) ) 
( T_ConstInt T_IntConstant ) ) T_StringConstant : T_IntConstant T_IntConstant 
( T_Nil ) 
( ( T_Use ( T_Reg : T_QIType T_IntConstant ) ) 
( T_Nil ) ) ) 
( T_Insn T_IntConstant T_IntConstant T_IntConstant T_IntConstant ( T_Set ( T_Reg : T_SIType T_IntConstant ) 
( T_ConstInt T_IntConstant ) ) T_StringConstant : T_IntConstant T_IntConstant 
( T_Nil ) ) 
( T_Insn T_IntConstant T_IntConstant T_IntConstant T_IntConstant ( T_Set ( T_Reg : T_SIType T_IntConstant ) 
( T_Reg : T_SIType T_IntConstant ) ) T_IntConstant 
( T_Nil ) ) 
( T_Insn T_IntConstant T_IntConstant T_IntConstant T_IntConstant ( T_Set ( T_Reg T_IFlag : T_SIType T_IntConstant ) 
( T_Reg : T_SIType T_IntConstant ) ) T_StringConstant : T_IntConstant T_IntConstant 
( T_Nil ) ) 
( T_Insn T_IntConstant T_IntConstant T_IntConstant T_IntConstant ( T_Use ( T_Reg T_IFlag : T_SIType T_IntConstant ) ) T_StringConstant : T_IntConstant - T_IntConstant 
( T_Nil ) ) 

